==10579== NVPROF is profiling process 10579, command: ./main1d.gnu.CUDA.ex
constructing multistate!
initialized task pools
initializing task pools...
starting graph execution...
Finished executing graph with walltime: 3.63439 s.
==10579== Profiling application: ./main1d.gnu.CUDA.ex
==10579== Profiling result:
            Type  Time(%)      Time     Calls       Avg       Min       Max  Name
 GPU activities:   62.08%  675.23ms      1670  404.33us  195.60us  2.9618ms  pool_kernel(Pool*)
                   21.29%  231.59ms       835  277.36us  108.33us  438.62us  states_to_solver_kernel(double*, double*, double*, UnifiedVector<State*>&)
                    6.28%  68.306ms       835  81.803us  9.5370us  654.22us  solver_to_states_kernel(double*, double*, double*, UnifiedVector<State*>&)
                    3.54%  38.470ms       835  46.072us  21.794us  51.171us  void csrqr_batch_core<double, double, int=5, int=3>(int, int, int, double*, int const *, int const *, int const *, int const *, int const *, int const *, double*, double*, int, unsigned int, int*, int*, int*, int*, int*, int*, int*, int)
                    1.56%  16.914ms     15029  1.1250us     992ns  3.2960us  __nv_static_52__39_tmpxft_00006d02_00000000_6_lock_cpp1_ii_8e77045d__Z17device_mutex_lockPi
                    1.44%  15.635ms     15029  1.0400us     929ns  3.2640us  __nv_static_52__39_tmpxft_00006d02_00000000_6_lock_cpp1_ii_8e77045d__Z19device_mutex_unlockPi
                    1.27%  13.866ms     11696  1.1850us     480ns  2.3680us  [CUDA memcpy HtoD]
                    0.97%  10.545ms      1670  6.3140us     992ns  13.665us  void cusolver_aggregate2interleaved_kernel<double, int=5, int=3>(int, int, double const *, int, double*, int const *)
                    0.50%  5.4836ms       835  6.5670us  1.7600us  7.2650us  void cusolver_interleaved2aggregate_kernel<double, int=5, int=3>(int, int, double const *, double*)
                    0.32%  3.4344ms       835  4.1130us  3.9040us  4.3200us  void csrqrbatch_backward_core<double, int=256>(int, int, double const *, int const *, int const *, double const *, double*)
                    0.26%  2.8307ms      1670  1.6950us  1.2800us  2.0480us  [CUDA memcpy DtoH]
                    0.20%  2.1891ms      1670  1.3100us     768ns  1.7920us  void Imemset<int=128>(int, int, int*)
                    0.11%  1.2233ms       835  1.4640us     736ns  1.5370us  [CUDA memset]
                    0.09%  964.34us       835  1.1540us     960ns  1.3770us  [CUDA memcpy DtoD]
                    0.09%  963.62us       835  1.1540us     992ns  1.2800us  void set_identy<int=128>(int, int*)
      API calls:   22.62%  518.53ms      6199  83.646us  1.2520us  161.05ms  cudaDeviceSynchronize
                   20.60%  472.20ms     18549  25.457us     236ns  269.38ms  cudaFree
                   18.69%  428.57ms    750167     571ns     443ns  296.29us  cudaEventQuery
                   12.16%  278.91ms     15039  18.545us  4.2440us  327.35us  cudaMalloc
                   10.56%  242.09ms     40078  6.0400us  3.4780us  611.18us  cudaLaunchKernel
                    9.87%  226.31ms     34233  6.6100us  1.3390us  1.1401ms  cudaStreamSynchronize
                    2.70%  61.819ms     13360  4.6270us  1.9230us  272.46us  cudaMemcpyAsync
                    1.23%  28.191ms      1035  27.238us     274ns  20.801ms  cudaMallocManaged
                    0.30%  6.7769ms       841  8.0580us  4.6270us  268.59us  cudaMemcpy
                    0.28%  6.5052ms     25050     259ns     201ns  262.53us  cudaDeviceGetAttribute
                    0.27%  6.2657ms     13360     468ns     352ns  5.1420us  cudaEventCreateWithFlags
                    0.23%  5.1648ms     13360     386ns     309ns  4.6840us  cudaEventDestroy
                    0.18%  4.0583ms      1670  2.4300us  1.9570us  6.4060us  cudaEventRecord
                    0.15%  3.4938ms       835  4.1840us  3.5580us  78.087us  cudaMemsetAsync
                    0.07%  1.5359ms       189  8.1260us     109ns  450.29us  cuDeviceGetAttribute
                    0.04%  933.47us      2505     372ns     205ns  1.3950us  cudaGetDevice
                    0.04%  922.43us      7515     122ns      81ns     614ns  cudaGetLastError
                    0.01%  196.45us         2  98.223us  54.643us  141.80us  cuDeviceGetName
                    0.01%  184.27us         2  92.136us  50.835us  133.44us  cuDeviceTotalMem
                    0.00%  64.562us         6  10.760us  6.6950us  23.051us  cudaStreamCreate
                    0.00%  6.0390us         4  1.5090us     207ns  3.2200us  cuDeviceGetCount
                    0.00%  5.7530us         1  5.7530us  5.7530us  5.7530us  cuDeviceGetPCIBusId
                    0.00%  5.3610us         4  1.3400us     699ns  1.9610us  cudaEventCreate
                    0.00%  2.6800us         3     893ns     167ns  1.8110us  cuDeviceGet
                    0.00%     998ns         2     499ns     197ns     801ns  cuDeviceGetUuid
                    0.00%     582ns         1     582ns     582ns     582ns  cuInit
                    0.00%     366ns         1     366ns     366ns     366ns  cuDriverGetVersion

==10579== Unified Memory profiling result:
Device "GeForce GTX 1050 (0)"
   Count  Avg Size  Min Size  Max Size  Total Size  Total Time  Name
   70675  18.251KB  4.0000KB  252.00KB  1.230160GB  196.1264ms  Host To Device
   44944  28.700KB  4.0000KB  252.00KB  1.230156GB  157.6690ms  Device To Host
   23690         -         -         -           -  882.5773ms  Gpu page fault groups
    1470         -         -         -           -  751.5380ms  Page throttles
   18623  4.0000KB  4.0000KB  4.0000KB  72.74609MB           -  Memory thrashes
     109  4.4033KB  4.0000KB  16.000KB  480.0000KB           -  Remote mapping from device
Total CPU Page faults: 22767
Total CPU thrashes: 18623
Total CPU throttles: 207
Total remote mappings to CPU: 109
